<?xml version="1.0" encoding="UTF-8"?>
<beans xmlns="http://www.springframework.org/schema/beans"
	xmlns:xsi="http://www.w3.org/2001/XMLSchema-instance" 
	xmlns:context="http://www.springframework.org/schema/context"
	xmlns:util="http://www.springframework.org/schema/util"
	xsi:schemaLocation="http://www.springframework.org/schema/beans
        http://www.springframework.org/schema/beans/spring-beans.xsd
        http://www.springframework.org/schema/context
        http://www.springframework.org/schema/context/spring-context.xsd
        http://www.springframework.org/schema/util
        http://www.springframework.org/schema/util/spring-util.xsd">

	<context:component-scan base-package="com.springessentials.chapter3" />
	<util:properties id="postgresql-ds"
		location="classpath:/postgresql-ds.properties" />
	
	<bean id="jdbctemplate" class="org.springframework.jdbc.core.JdbcTemplate">
		<constructor-arg ref="dataSource"/>
	</bean>

	<bean id="userDAO" class="com.springessentials.chapter3.dao.impl.UserJdbcDAO">
		<constructor-arg ref="jdbctemplate"/>
	</bean>

</beans>